<?xml version="1.0" encoding="UTF-8"?>
<testsuite name="FileServerTest" tests="1" skipped="0" failures="0" errors="0" timestamp="2021-03-29T15:11:33" hostname="DESKTOP-0UTJ2A1" time="1.451">
  <properties/>
  <testcase name="start" classname="FileServerTest" time="1.451"/>
  <system-out><![CDATA[?[1;31m
Start test 1?[0m
Server started!
Enter action (1 - get a file, 2 - save a file, 3 - delete a file): > exit
The request was sent.
?[1;31m
Start test 2?[0m
?[1;31m
Start test 3?[0m
Server started!
Enter action (1 - get a file, 2 - save a file, 3 - delete a file): > 2
Enter filename: > test_purpose_test1.txt
Enter name of the file to be saved on server: > 
The request was sent.
Response says that file is saved! ID = 4
Enter action (1 - get a file, 2 - save a file, 3 - delete a file): > 2
Enter filename: > test_purpose_test2.txt
Enter name of the file to be saved on server: > test_purpose_newFile.txt
The request was sent.
Response says that file is saved! ID = 5
Enter action (1 - get a file, 2 - save a file, 3 - delete a file): > 1
Do you want to get the file by name or by id (1 - name, 2 - id): > 1
Enter name: > test_purpose_notExist.txt
The request was sent.
The response says that this file is not found!
Enter action (1 - get a file, 2 - save a file, 3 - delete a file): > 1
Do you want to get the file by name or by id (1 - name, 2 - id): > 2
Enter id: > 4511
The request was sent.
The response says that this file is not found!
Enter action (1 - get a file, 2 - save a file, 3 - delete a file): > 1
Do you want to get the file by name or by id (1 - name, 2 - id): > 1
Enter name: > test_purpose_newFile.txt
The request was sent.
The file was downloaded! Specify a name for it: > test_purpose_get.txt
File saved on the hard drive!
Enter action (1 - get a file, 2 - save a file, 3 - delete a file): > 1
Do you want to get the file by name or by id (1 - name, 2 - id): > 2
Enter id: > 4
The request was sent.
The file was downloaded! Specify a name for it: > test_purpose_get_id.txt
File saved on the hard drive!
Enter action (1 - get a file, 2 - save a file, 3 - delete a file): > exit
The request was sent.
?[1;31m
Start test 4?[0m
Server started!
Enter action (1 - get a file, 2 - save a file, 3 - delete a file): > 1
Do you want to get the file by name or by id (1 - name, 2 - id): > 1
Enter name: > test_purpose_newFile.txt
The request was sent.
The file was downloaded! Specify a name for it: > test_purpose_get_after_restart.txt
File saved on the hard drive!
Enter action (1 - get a file, 2 - save a file, 3 - delete a file): > 1
Do you want to get the file by name or by id (1 - name, 2 - id): > 2
Enter id: > 4
The request was sent.
The file was downloaded! Specify a name for it: > test_purpose_get_by_id_after_restart.txt
File saved on the hard drive!
Enter action (1 - get a file, 2 - save a file, 3 - delete a file): > exit
The request was sent.
?[1;31m
Start test 5?[0m
Server started!
Enter action (1 - get a file, 2 - save a file, 3 - delete a file): > 3
Do you want to get the file by name or by id (1 - name, 2 - id): > 1
Enter name: > test_purpose_newFile.txt
The request was sent.
The response says that the file was successfully deleted!
Enter action (1 - get a file, 2 - save a file, 3 - delete a file): > 3
Do you want to get the file by name or by id (1 - name, 2 - id): > 2
Enter id: > 4
The request was sent.
The response says that the file was successfully deleted!
Enter action (1 - get a file, 2 - save a file, 3 - delete a file): > exit
The request was sent.
]]></system-out>
  <system-err><![CDATA[]]></system-err>
</testsuite>
